*** Using Compiler 'V5.06 update 6 (build 750)', folder: 'D:\keil5\ARM\ARMCC\Bin'
Rebuild target 'Car_biubiu'
assembling startup_stm32f407xx.s...
compiling soft_user.c...
compiling stm32f4xx_hal_msp.c...
compiling HI229.c...
compiling motor_ctrl.c...
compiling callback_use.c...
compiling dma.c...
compiling stm32f4xx_hal_timebase_tim.c...
compiling JY61.c...
compiling gpio.c...
compiling usart.c...
compiling tim.c...
compiling stm32f4xx_it.c...
compiling pid.c...
compiling servo.c...
compiling main.c...
compiling freertos.c...
../Core/Src/freertos.c(833): warning:  #177-D: variable "center_color_sign"  was declared but never referenced
              center_color_sign = 0,
../Core/Src/freertos.c: 1 warning, 0 errors
compiling fashion_star_uart_servo.c...
compiling stm32f4xx_hal_gpio.c...
compiling stm32f4xx_hal_flash_ramfunc.c...
compiling stm32f4xx_hal_flash_ex.c...
compiling ring_buffer.c...
compiling stm32f4xx_hal_flash.c...
compiling stm32f4xx_hal_rcc_ex.c...
compiling croutine.c...
compiling event_groups.c...
compiling stm32f4xx_hal_cortex.c...
compiling stm32f4xx_hal_dma_ex.c...
compiling list.c...
compiling stm32f4xx_hal_pwr.c...
compiling stm32f4xx_hal_dma.c...
compiling stm32f4xx_hal_pwr_ex.c...
compiling queue.c...
compiling stm32f4xx_hal_rcc.c...
compiling timers.c...
compiling stream_buffer.c...
compiling heap_4.c...
compiling stm32f4xx_hal_exti.c...
compiling tasks.c...
compiling stm32f4xx_hal.c...
compiling port.c...
compiling cmsis_os.c...
compiling system_stm32f4xx.c...
compiling stm32f4xx_hal_tim_ex.c...
compiling stm32f4xx_hal_uart.c...
compiling stm32f4xx_hal_tim.c...
linking...
Program Size: Code=31780 RO-data=956 RW-data=920 ZI-data=26120  
FromELF: creating hex file...
"Freertos_DMA_IMU\Freertos_DMA_IMU.axf" - 0 Error(s), 1 Warning(s).
Build Time Elapsed:  00:00:29
